<?xml version="1.0" encoding="UTF-8"?>
<!-- Generated by org.testng.reporters.JUnitReportReporter -->
<testsuite hostname="DESKTOP-I81DJCM" name="org.emp.Employee" tests="1" failures="0" timestamp="1 Nov 2021 07:21:23 GMT" time="0.029" errors="0">
  <testcase name="sampleTest" time="0.029" classname="org.emp.Employee"/>
</testsuite> <!-- org.emp.Employee -->
